<?xml version="1.0" encoding="UTF-8"?>
<testsuite name="Test" tests="12" skipped="0" failures="0" errors="0" timestamp="2024-02-27T12:16:12" hostname="Stanislavs-MacBook-Air.local" time="0.326">
  <properties/>
  <testcase name="cardDataInterfaceTestClassTest()" classname="Test" time="0.015"/>
  <testcase name="keyCardServiceTestClassTest()" classname="Test" time="0.175"/>
  <testcase name="keyCardTestClassTest()" classname="Test" time="0.026"/>
  <testcase name="cardServiceTestClassTest()" classname="Test" time="0.014"/>
  <testcase name="utilObjectExtendedTestClassTest()" classname="Test" time="0.008"/>
  <testcase name="cardStateTestClassTest()" classname="Test" time="0.072"/>
  <testcase name="cardTestClassTest()" classname="Test" time="0.002"/>
  <testcase name="utilObjectConstValuesTest()" classname="Test" time="0.0"/>
  <testcase name="wordCardDataTestClassTest()" classname="Test" time="0.002"/>
  <testcase name="keyCardGeneratorTestClassTest()" classname="Test" time="0.001"/>
  <testcase name="utilObjectTestClassTest()" classname="Test" time="0.003"/>
  <testcase name="keyCardTypeTestClassTest()" classname="Test" time="0.003"/>
  <system-out><![CDATA[]]></system-out>
  <system-err><![CDATA[]]></system-err>
</testsuite>
